[16:45:53] initializing
[16:45:54] found client.dll at [0x55D50000]
[16:45:55] found engine.dll at [0x51A90000]
[16:45:55] found vstdlib.dll at [0x57780000]
[16:45:55] found CGlobalVarsBase at [0x51E16798]
[16:45:55] found clientFactory at [0x5616CA90]
[16:45:55] found appSystemFactory at [0x51D12C60]
[16:45:55] found IBaseClientDLL at [0x5659FFB4]
[16:45:55] found IVEngineClient at [0x51E157BC]
[16:45:55] found IClientEntityList at [0x56615354]
[16:45:55] found vgui::IPanel at [0x5719B030]
[16:45:55] found vgui::ISurface at [0x51A5FD40]
[16:45:55] found CInput at [0x56651FF8]
[16:45:55] found ICvar at [0x577A7360]
[16:45:55] hooked IVEngineClient
[16:45:55] hooked vgui::IPanel
[16:45:55] found DT_BasePlayer->m_lifeState offset at [0x8F]
[16:45:55] found DT_BasePlayer->m_iHealth offset at [0x90]
[16:45:55] found DT_BasePlayer->m_fFlags offset at [0x2FC]
[16:45:55] found DT_BaseEntity->m_flSimulationTime offset at [0x68]
[16:45:55] found DT_TFPlayer->m_Shared offset at [0x15D4]
[16:45:55] found DT_TFPlayer->m_PlayerClass offset at [0x145C]
[16:45:55] found DT_TFPlayerShared->m_nPlayerCond offset at [0xB0]
[16:45:55] found DT_TFPlayerClassShared->m_iClass offset at [0x4]
[16:45:55] found DT_BaseEntity->m_iTeamNum offset at [0x98]
[16:45:55] found DT_LocalPlayerExclusive->m_nTickBase offset at [0x1094]
[16:45:55] found DT_LocalPlayerExclusive->m_vecViewOffset[0] offset at [0xE4]
[16:45:55] found DT_TFWeaponKnife->m_bReadyToBackstab offset at [0xAB0]
[16:45:55] found DT_LocalTFWeaponData->m_flLastFireTime offset at [0xA90]
[16:45:55] found DT_LocalActiveWeaponData->m_flNextPrimaryAttack offset at [0x918]
[16:45:55] found DT_LocalWeaponData->m_iClip1 offset at [0x95C]
[16:45:55] found DT_LocalWeaponData->m_iPrimaryAmmoType offset at [0x954]
[16:45:55] found GetActiveWeapon offset at [0x354]
[16:45:55] found GetWeaponID offset at [0x598]
[16:45:55] found GetSpread offset at [0x67C]
[16:45:55] found IsShotCritical offset at [0x5BC]
[16:45:55] found weaponSeed offset at [0x9F4]
[16:45:55] injected
